[ 2019-01-28T15:48:32+08:00 ] ::1 /webGuangHui/index.php
INFO: [ app_init ] --START--
INFO: Run Behavior\BuildLiteBehavior [ RunTime:0.000967s ]
INFO: [ app_init ] --END-- [ RunTime:0.008578s ]
INFO: [ app_begin ] --START--
INFO: Run Behavior\ReadHtmlCacheBehavior [ RunTime:0.002559s ]
INFO: [ app_begin ] --END-- [ RunTime:0.006250s ]
SQL: SHOW COLUMNS FROM `qw_setting` [ RunTime:0.0095s ]
SQL: SELECT `k`,`v` FROM `qw_setting`  [ RunTime:0.0010s ]
INFO: [ view_parse ] --START--
INFO: [ template_filter ] --START--
INFO: Run Behavior\ContentReplaceBehavior [ RunTime:0.001448s ]
INFO: [ template_filter ] --END-- [ RunTime:0.005331s ]
INFO: Run Behavior\ParseTemplateBehavior [ RunTime:0.075928s ]
INFO: [ view_parse ] --END-- [ RunTime:0.082713s ]
INFO: [ view_filter ] --START--
INFO: Run Behavior\WriteHtmlCacheBehavior [ RunTime:0.010955s ]
INFO: [ view_filter ] --END-- [ RunTime:0.014861s ]
INFO: [ app_end ] --START--
INFO: Run Behavior\ShowPageTraceBehavior [ RunTime:0.003861s ]
INFO: [ app_end ] --END-- [ RunTime:0.008655s ]

[ 2019-01-28T15:54:34+08:00 ] ::1 /webGuangHui/index.php
INFO: [ app_init ] --START--
INFO: Run Behavior\BuildLiteBehavior [ RunTime:0.000781s ]
INFO: [ app_init ] --END-- [ RunTime:0.009999s ]
INFO: [ app_begin ] --START--
INFO: Run Behavior\ReadHtmlCacheBehavior [ RunTime:0.003480s ]
INFO: [ app_begin ] --END-- [ RunTime:0.007222s ]
INFO: [ view_parse ] --START--
INFO: [ template_filter ] --START--
INFO: Run Behavior\ContentReplaceBehavior [ RunTime:0.001439s ]
INFO: [ template_filter ] --END-- [ RunTime:0.005241s ]
INFO: Run Behavior\ParseTemplateBehavior [ RunTime:0.065805s ]
INFO: [ view_parse ] --END-- [ RunTime:0.069466s ]
INFO: [ view_filter ] --START--
INFO: Run Behavior\WriteHtmlCacheBehavior [ RunTime:0.002697s ]
INFO: [ view_filter ] --END-- [ RunTime:0.006539s ]
INFO: [ app_end ] --START--
INFO: Run Behavior\ShowPageTraceBehavior [ RunTime:0.003173s ]
INFO: [ app_end ] --END-- [ RunTime:0.007029s ]

[ 2019-01-28T20:15:56+08:00 ] ::1 /webGuangHui/index.php
INFO: [ app_init ] --START--
INFO: Run Behavior\BuildLiteBehavior [ RunTime:0.000694s ]
INFO: [ app_init ] --END-- [ RunTime:0.008710s ]
INFO: [ app_begin ] --START--
INFO: Run Behavior\ReadHtmlCacheBehavior [ RunTime:0.002829s ]
INFO: [ app_begin ] --END-- [ RunTime:0.006613s ]
INFO: [ view_parse ] --START--
INFO: [ template_filter ] --START--
INFO: Run Behavior\ContentReplaceBehavior [ RunTime:0.001380s ]
INFO: [ template_filter ] --END-- [ RunTime:0.005020s ]
INFO: Run Behavior\ParseTemplateBehavior [ RunTime:0.066720s ]
INFO: [ view_parse ] --END-- [ RunTime:0.070445s ]
INFO: [ view_filter ] --START--
INFO: Run Behavior\WriteHtmlCacheBehavior [ RunTime:0.003403s ]
INFO: [ view_filter ] --END-- [ RunTime:0.007696s ]
INFO: [ app_end ] --START--
INFO: Run Behavior\ShowPageTraceBehavior [ RunTime:0.002896s ]
INFO: [ app_end ] --END-- [ RunTime:0.006568s ]

